This file contains any messages produced by compilers while
running configure, to aid debugging if configure makes a mistake.

It was created by telegram-cli configure 1.0, which was
generated by GNU Autoconf 2.69.  Invocation command line was

  $ ./configure --with-openssl=/usr/local/opt/openssl

## --------- ##
## Platform. ##
## --------- ##

hostname = MacBook-Pro-Alexandr.local
uname -m = x86_64
uname -r = 16.4.0
uname -s = Darwin
uname -v = Darwin Kernel Version 16.4.0: Thu Dec 22 22:53:21 PST 2016; root:xnu-3789.41.3~3/RELEASE_X86_64

/usr/bin/uname -p = i386
/bin/uname -X     = unknown

/bin/arch              = unknown
/usr/bin/arch -k       = unknown
/usr/convex/getsysinfo = unknown
/usr/bin/hostinfo      = Mach kernel version:
	 Darwin Kernel Version 16.4.0: Thu Dec 22 22:53:21 PST 2016; root:xnu-3789.41.3~3/RELEASE_X86_64
Kernel configured for up to 8 processors.
4 processors are physically available.
8 processors are logically available.
Processor type: x86_64h (Intel x86-64h Haswell)
Processors active: 0 1 2 3 4 5 6 7
Primary memory available: 8.00 gigabytes
Default processor set: 260 tasks, 2122 threads, 8 processors
Load average: 2.08, Mach factor: 5.91
/bin/machine           = unknown
/usr/bin/oslevel       = unknown
/bin/universe          = unknown

PATH: /Library/Frameworks/Python.framework/Versions/3.6/bin
PATH: /opt/local/bin
PATH: /opt/local/sbin
PATH: /usr/local/bin
PATH: /usr/bin
PATH: /bin
PATH: /usr/sbin
PATH: /sbin
PATH: /opt/X11/bin
PATH: /usr/local/share/dotnet
PATH: /usr/local/go/bin
PATH: /Library/Frameworks/Mono.framework/Versions/Current/Commands
PATH: /usr/local/mysql/bin


## ----------- ##
## Core tests. ##
## ----------- ##

configure:2755: checking for gcc
configure:2771: found /usr/bin/gcc
configure:2782: result: gcc
configure:3011: checking for C compiler version
configure:3020: gcc --version >&5
Apple LLVM version 8.1.0 (clang-802.0.42)
Target: x86_64-apple-darwin16.4.0
Thread model: posix
InstalledDir: /Applications/Xcode.app/Contents/Developer/Toolchains/XcodeDefault.xctoolchain/usr/bin
Configured with: --prefix=/Applications/Xcode.app/Contents/Developer/usr --with-gxx-include-dir=/Applications/Xcode.app/Contents/Developer/Platforms/MacOSX.platform/Developer/SDKs/MacOSX10.12.sdk/usr/include/c++/4.2.1
configure:3031: $? = 0
configure:3020: gcc -v >&5
Configured with: --prefix=/Applications/Xcode.app/Contents/Developer/usr --with-gxx-include-dir=/Applications/Xcode.app/Contents/Developer/Platforms/MacOSX.platform/Developer/SDKs/MacOSX10.12.sdk/usr/include/c++/4.2.1
Apple LLVM version 8.1.0 (clang-802.0.42)
Target: x86_64-apple-darwin16.4.0
Thread model: posix
InstalledDir: /Applications/Xcode.app/Contents/Developer/Toolchains/XcodeDefault.xctoolchain/usr/bin
configure:3031: $? = 0
configure:3020: gcc -V >&5
clang: error: argument to '-V' is missing (expected 1 value)
clang: error: no input files
configure:3031: $? = 1
configure:3020: gcc -qversion >&5
clang: error: unknown argument: '-qversion'
clang: error: no input files
configure:3031: $? = 1
configure:3051: checking whether the C compiler works
configure:3073: gcc -I/usr/local/include -I/usr/local/Cellar/readline/6.3.8/include -I/usr/local/opt/openssl/include -L/usr/local/lib -L/usr/local/Cellar/readline/6.3.8/lib conftest.c  >&5
configure:3077: $? = 0
configure:3125: result: yes
configure:3128: checking for C compiler default output file name
configure:3130: result: a.out
configure:3136: checking for suffix of executables
configure:3143: gcc -o conftest -I/usr/local/include -I/usr/local/Cellar/readline/6.3.8/include -I/usr/local/opt/openssl/include -L/usr/local/lib -L/usr/local/Cellar/readline/6.3.8/lib conftest.c  >&5
configure:3147: $? = 0
configure:3169: result: 
configure:3191: checking whether we are cross compiling
configure:3199: gcc -o conftest -I/usr/local/include -I/usr/local/Cellar/readline/6.3.8/include -I/usr/local/opt/openssl/include -L/usr/local/lib -L/usr/local/Cellar/readline/6.3.8/lib conftest.c  >&5
configure:3203: $? = 0
configure:3210: ./conftest
configure:3214: $? = 0
configure:3229: result: no
configure:3234: checking for suffix of object files
configure:3256: gcc -c -I/usr/local/include -I/usr/local/Cellar/readline/6.3.8/include -I/usr/local/opt/openssl/include conftest.c >&5
configure:3260: $? = 0
configure:3281: result: o
configure:3285: checking whether we are using the GNU C compiler
configure:3304: gcc -c -I/usr/local/include -I/usr/local/Cellar/readline/6.3.8/include -I/usr/local/opt/openssl/include conftest.c >&5
configure:3304: $? = 0
configure:3313: result: yes
configure:3322: checking whether gcc accepts -g
configure:3342: gcc -c -g -I/usr/local/opt/openssl/include conftest.c >&5
configure:3342: $? = 0
configure:3383: result: yes
configure:3400: checking for gcc option to accept ISO C89
configure:3463: gcc  -c -I/usr/local/include -I/usr/local/Cellar/readline/6.3.8/include -I/usr/local/opt/openssl/include conftest.c >&5
configure:3463: $? = 0
configure:3476: result: none needed
configure:3503: checking for library containing clock_gettime
configure:3534: gcc -o conftest -I/usr/local/include -I/usr/local/Cellar/readline/6.3.8/include -I/usr/local/opt/openssl/include -I/usr/local/include -L/usr/local/lib -L/usr/local/Cellar/readline/6.3.8/lib -L/usr/local/lib conftest.c  >&5
configure:3534: $? = 0
configure:3551: result: none required
configure:3559: checking for library containing backtrace
configure:3590: gcc -o conftest -I/usr/local/include -I/usr/local/Cellar/readline/6.3.8/include -I/usr/local/opt/openssl/include -I/usr/local/include -L/usr/local/lib -L/usr/local/Cellar/readline/6.3.8/lib -L/usr/local/lib conftest.c  >&5
configure:3590: $? = 0
configure:3607: result: none required
configure:3615: checking for event_base_new in -levent
configure:3640: gcc -o conftest -I/usr/local/include -I/usr/local/Cellar/readline/6.3.8/include -I/usr/local/opt/openssl/include -I/usr/local/include -L/usr/local/lib -L/usr/local/Cellar/readline/6.3.8/lib -L/usr/local/lib conftest.c -levent   >&5
configure:3640: $? = 0
configure:3649: result: yes
configure:3670: checking how to run the C preprocessor
configure:3701: gcc -E -I/usr/local/opt/openssl/include -I/usr/local/include conftest.c
configure:3701: $? = 0
configure:3715: gcc -E -I/usr/local/opt/openssl/include -I/usr/local/include conftest.c
conftest.c:10:10: fatal error: 'ac_nonexistent.h' file not found
#include <ac_nonexistent.h>
         ^
1 error generated.
configure:3715: $? = 1
configure: failed program was:
| /* confdefs.h */
| #define PACKAGE_NAME "telegram-cli"
| #define PACKAGE_TARNAME "telegram-cli"
| #define PACKAGE_VERSION "1.0"
| #define PACKAGE_STRING "telegram-cli 1.0"
| #define PACKAGE_BUGREPORT ""
| #define PACKAGE_URL ""
| #define HAVE_LIBEVENT 1
| /* end confdefs.h.  */
| #include <ac_nonexistent.h>
configure:3740: result: gcc -E
configure:3760: gcc -E -I/usr/local/opt/openssl/include -I/usr/local/include conftest.c
configure:3760: $? = 0
configure:3774: gcc -E -I/usr/local/opt/openssl/include -I/usr/local/include conftest.c
conftest.c:10:10: fatal error: 'ac_nonexistent.h' file not found
#include <ac_nonexistent.h>
         ^
1 error generated.
configure:3774: $? = 1
configure: failed program was:
| /* confdefs.h */
| #define PACKAGE_NAME "telegram-cli"
| #define PACKAGE_TARNAME "telegram-cli"
| #define PACKAGE_VERSION "1.0"
| #define PACKAGE_STRING "telegram-cli 1.0"
| #define PACKAGE_BUGREPORT ""
| #define PACKAGE_URL ""
| #define HAVE_LIBEVENT 1
| /* end confdefs.h.  */
| #include <ac_nonexistent.h>
configure:3803: checking for grep that handles long lines and -e
configure:3861: result: /usr/bin/grep
configure:3866: checking for egrep
configure:3928: result: /usr/bin/grep -E
configure:3933: checking for ANSI C header files
configure:3953: gcc -c -I/usr/local/include -I/usr/local/Cellar/readline/6.3.8/include -I/usr/local/opt/openssl/include -I/usr/local/include conftest.c >&5
configure:3953: $? = 0
configure:4026: gcc -o conftest -I/usr/local/include -I/usr/local/Cellar/readline/6.3.8/include -I/usr/local/opt/openssl/include -I/usr/local/include -L/usr/local/lib -L/usr/local/Cellar/readline/6.3.8/lib -L/usr/local/lib conftest.c -levent  >&5
configure:4026: $? = 0
configure:4026: ./conftest
configure:4026: $? = 0
configure:4037: result: yes
configure:4050: checking for sys/types.h
configure:4050: gcc -c -I/usr/local/include -I/usr/local/Cellar/readline/6.3.8/include -I/usr/local/opt/openssl/include -I/usr/local/include conftest.c >&5
configure:4050: $? = 0
configure:4050: result: yes
configure:4050: checking for sys/stat.h
configure:4050: gcc -c -I/usr/local/include -I/usr/local/Cellar/readline/6.3.8/include -I/usr/local/opt/openssl/include -I/usr/local/include conftest.c >&5
configure:4050: $? = 0
configure:4050: result: yes
configure:4050: checking for stdlib.h
configure:4050: gcc -c -I/usr/local/include -I/usr/local/Cellar/readline/6.3.8/include -I/usr/local/opt/openssl/include -I/usr/local/include conftest.c >&5
configure:4050: $? = 0
configure:4050: result: yes
configure:4050: checking for string.h
configure:4050: gcc -c -I/usr/local/include -I/usr/local/Cellar/readline/6.3.8/include -I/usr/local/opt/openssl/include -I/usr/local/include conftest.c >&5
configure:4050: $? = 0
configure:4050: result: yes
configure:4050: checking for memory.h
configure:4050: gcc -c -I/usr/local/include -I/usr/local/Cellar/readline/6.3.8/include -I/usr/local/opt/openssl/include -I/usr/local/include conftest.c >&5
configure:4050: $? = 0
configure:4050: result: yes
configure:4050: checking for strings.h
configure:4050: gcc -c -I/usr/local/include -I/usr/local/Cellar/readline/6.3.8/include -I/usr/local/opt/openssl/include -I/usr/local/include conftest.c >&5
configure:4050: $? = 0
configure:4050: result: yes
configure:4050: checking for inttypes.h
configure:4050: gcc -c -I/usr/local/include -I/usr/local/Cellar/readline/6.3.8/include -I/usr/local/opt/openssl/include -I/usr/local/include conftest.c >&5
configure:4050: $? = 0
configure:4050: result: yes
configure:4050: checking for stdint.h
configure:4050: gcc -c -I/usr/local/include -I/usr/local/Cellar/readline/6.3.8/include -I/usr/local/opt/openssl/include -I/usr/local/include conftest.c >&5
configure:4050: $? = 0
configure:4050: result: yes
configure:4050: checking for unistd.h
configure:4050: gcc -c -I/usr/local/include -I/usr/local/Cellar/readline/6.3.8/include -I/usr/local/opt/openssl/include -I/usr/local/include conftest.c >&5
configure:4050: $? = 0
configure:4050: result: yes
configure:4062: checking event2/event.h usability
configure:4062: gcc -c -I/usr/local/include -I/usr/local/Cellar/readline/6.3.8/include -I/usr/local/opt/openssl/include -I/usr/local/include conftest.c >&5
configure:4062: $? = 0
configure:4062: result: yes
configure:4062: checking event2/event.h presence
configure:4062: gcc -E -I/usr/local/opt/openssl/include -I/usr/local/include conftest.c
configure:4062: $? = 0
configure:4062: result: yes
configure:4062: checking for event2/event.h
configure:4062: result: yes
configure:4384: checking for openssl/ssl.h in /usr/local/opt/openssl
configure:4391: result: yes
configure:4407: checking whether compiling and linking against OpenSSL works
Trying link with OPENSSL_LDFLAGS=-L/usr/local/opt/openssl/lib; OPENSSL_LIBS=-lssl -lcrypto; OPENSSL_INCLUDES=-I/usr/local/opt/openssl/include
configure:4429: gcc -o conftest -I/usr/local/include -I/usr/local/Cellar/readline/6.3.8/include -I/usr/local/opt/openssl/include -I/usr/local/opt/openssl/include -I/usr/local/include -L/usr/local/lib -L/usr/local/Cellar/readline/6.3.8/lib -L/usr/local/lib -L/usr/local/opt/openssl/lib conftest.c -lssl -lcrypto -levent  >&5
configure:4429: $? = 0
configure:4431: result: yes
configure:4458: checking if zlib is wanted
configure:4480: result: yes
configure:4511: checking for inflateEnd in -lz
configure:4536: gcc -o conftest -I/usr/local/include -I/usr/local/Cellar/readline/6.3.8/include -I/usr/local/opt/openssl/include -I/usr/local/include -L/usr/local/lib -L/usr/local/Cellar/readline/6.3.8/lib -L/usr/local/lib conftest.c -lz  -levent  >&5
configure:4536: $? = 0
configure:4545: result: yes
configure:4553: checking zlib.h usability
configure:4553: gcc -c -I/usr/local/include -I/usr/local/Cellar/readline/6.3.8/include -I/usr/local/opt/openssl/include -I/usr/local/include conftest.c >&5
configure:4553: $? = 0
configure:4553: result: yes
configure:4553: checking zlib.h presence
configure:4553: gcc -E -I/usr/local/opt/openssl/include -I/usr/local/include conftest.c
configure:4553: $? = 0
configure:4553: result: yes
configure:4553: checking for zlib.h
configure:4553: result: yes
configure:4589: checking for rl_save_prompt in -lreadline
configure:4614: gcc -o conftest -I/usr/local/include -I/usr/local/Cellar/readline/6.3.8/include -I/usr/local/opt/openssl/include -I/usr/local/include -I/include -L/usr/local/lib -L/usr/local/Cellar/readline/6.3.8/lib -L/usr/local/lib -L/lib conftest.c -lreadline  -lz -levent  >&5
ld: warning: directory not found for option '-L/lib'
configure:4614: $? = 0
configure:4623: result: yes
configure:4632: checking for libconfig
configure:4694: result: enabled
configure:4696: checking for config_init in -lconfig
configure:4721: gcc -o conftest -I/usr/local/include -I/usr/local/Cellar/readline/6.3.8/include -I/usr/local/opt/openssl/include -I/usr/local/include -I/include -L/usr/local/lib -L/usr/local/Cellar/readline/6.3.8/lib -L/usr/local/lib -L/lib conftest.c -lconfig  -lz -levent  >&5
ld: warning: directory not found for option '-L/lib'
configure:4721: $? = 0
configure:4730: result: yes
configure:4759: checking for liblua
configure:5437: result: enabled
configure:5449: checking for lua
configure:5467: found /usr/local/bin/lua
configure:5479: result: /usr/local/bin/lua
configure:5494: checking if /usr/local/bin/lua is a Lua interpreter
configure:5498: result: yes
configure:5515: checking for lua version
configure:5525: result: 5.2
configure:5535: checking for lua platform
configure:5542: result: unknown
configure:5552: checking for lua script directory
configure:5591: result: ${prefix}/share/lua/5.2
configure:5598: checking for lua module directory
configure:5637: result: ${exec_prefix}/lib/lua/5.2
configure:5646: checking if LUA_VERSION is defined
configure:5649: result: yes
configure:5668: checking lua.h usability
configure:5668: gcc -c -I/usr/local/include -I/usr/local/Cellar/readline/6.3.8/include -I/usr/local/opt/openssl/include -I/usr/local/include -I/include  conftest.c >&5
configure:5668: $? = 0
configure:5668: result: yes
configure:5668: checking lua.h presence
configure:5668: gcc -E -I/usr/local/opt/openssl/include -I/usr/local/include -I/include  conftest.c
configure:5668: $? = 0
configure:5668: result: yes
configure:5668: checking for lua.h
configure:5668: result: yes
configure:5668: checking lualib.h usability
configure:5668: gcc -c -I/usr/local/include -I/usr/local/Cellar/readline/6.3.8/include -I/usr/local/opt/openssl/include -I/usr/local/include -I/include  conftest.c >&5
configure:5668: $? = 0
configure:5668: result: yes
configure:5668: checking lualib.h presence
configure:5668: gcc -E -I/usr/local/opt/openssl/include -I/usr/local/include -I/include  conftest.c
configure:5668: $? = 0
configure:5668: result: yes
configure:5668: checking for lualib.h
configure:5668: result: yes
configure:5668: checking lauxlib.h usability
configure:5668: gcc -c -I/usr/local/include -I/usr/local/Cellar/readline/6.3.8/include -I/usr/local/opt/openssl/include -I/usr/local/include -I/include  conftest.c >&5
configure:5668: $? = 0
configure:5668: result: yes
configure:5668: checking lauxlib.h presence
configure:5668: gcc -E -I/usr/local/opt/openssl/include -I/usr/local/include -I/include  conftest.c
configure:5668: $? = 0
configure:5668: result: yes
configure:5668: checking for lauxlib.h
configure:5668: result: yes
configure:5668: checking luaconf.h usability
configure:5668: gcc -c -I/usr/local/include -I/usr/local/Cellar/readline/6.3.8/include -I/usr/local/opt/openssl/include -I/usr/local/include -I/include  conftest.c >&5
configure:5668: $? = 0
configure:5668: result: yes
configure:5668: checking luaconf.h presence
configure:5668: gcc -E -I/usr/local/opt/openssl/include -I/usr/local/include -I/include  conftest.c
configure:5668: $? = 0
configure:5668: result: yes
configure:5668: checking for luaconf.h
configure:5668: result: yes
configure:5730: checking for Lua header version
configure:5757: gcc -o conftest -I/usr/local/include -I/usr/local/Cellar/readline/6.3.8/include -I/usr/local/opt/openssl/include -I/usr/local/include -I/include  -L/usr/local/lib -L/usr/local/Cellar/readline/6.3.8/lib -L/usr/local/lib -L/lib conftest.c -lconfig -lz -levent  >&5
ld: warning: directory not found for option '-L/lib'
configure:5757: $? = 0
configure:5757: ./conftest
configure:5757: $? = 0
configure:5772: result: 5.2
configure:5775: checking if Lua header version matches 5.2
configure:5778: result: yes
configure:5804: checking if LUA_VERSION is defined
configure:5807: result: yes
configure:5890: checking for library containing exp
configure:5921: gcc -o conftest -I/usr/local/include -I/usr/local/Cellar/readline/6.3.8/include -I/usr/local/opt/openssl/include -I/usr/local/include -I/include -L/usr/local/lib -L/usr/local/Cellar/readline/6.3.8/lib -L/usr/local/lib -L/lib conftest.c -lconfig -lz -levent   >&5
conftest.c:34:6: warning: incompatible redeclaration of library function 'exp' [-Wincompatible-library-redeclaration]
char exp ();
     ^
conftest.c:34:6: note: 'exp' is a builtin with type 'double (double)'
1 warning generated.
ld: warning: directory not found for option '-L/lib'
configure:5921: $? = 0
configure:5938: result: none required
configure:5946: checking for library containing dlopen
configure:5977: gcc -o conftest -I/usr/local/include -I/usr/local/Cellar/readline/6.3.8/include -I/usr/local/opt/openssl/include -I/usr/local/include -I/include -L/usr/local/lib -L/usr/local/Cellar/readline/6.3.8/lib -L/usr/local/lib -L/lib conftest.c -lconfig -lz -levent   >&5
ld: warning: directory not found for option '-L/lib'
configure:5977: $? = 0
configure:5994: result: none required
configure:6016: checking for library containing lua_load
configure:6051: gcc -o conftest -I/usr/local/include -I/usr/local/Cellar/readline/6.3.8/include -I/usr/local/opt/openssl/include -I/usr/local/include -I/include -L/usr/local/lib -L/usr/local/Cellar/readline/6.3.8/lib -L/usr/local/lib -L/lib conftest.c -lconfig -lz -levent   >&5
ld: warning: directory not found for option '-L/lib'
Undefined symbols for architecture x86_64:
  "_lua_load", referenced from:
      _main in conftest-1f1c49.o
ld: symbol(s) not found for architecture x86_64
clang: error: linker command failed with exit code 1 (use -v to see invocation)
configure:6051: $? = 1
configure: failed program was:
| /* confdefs.h */
| #define PACKAGE_NAME "telegram-cli"
| #define PACKAGE_TARNAME "telegram-cli"
| #define PACKAGE_VERSION "1.0"
| #define PACKAGE_STRING "telegram-cli 1.0"
| #define PACKAGE_BUGREPORT ""
| #define PACKAGE_URL ""
| #define HAVE_LIBEVENT 1
| #define STDC_HEADERS 1
| #define HAVE_SYS_TYPES_H 1
| #define HAVE_SYS_STAT_H 1
| #define HAVE_STDLIB_H 1
| #define HAVE_STRING_H 1
| #define HAVE_MEMORY_H 1
| #define HAVE_STRINGS_H 1
| #define HAVE_INTTYPES_H 1
| #define HAVE_STDINT_H 1
| #define HAVE_UNISTD_H 1
| #define EVENT_V2 1
| #define HAVE_LIBZ 1
| #define HAVE_LIBCONFIG 1
| #define HAVE_LUA_H 1
| #define HAVE_LUALIB_H 1
| #define HAVE_LAUXLIB_H 1
| #define HAVE_LUACONF_H 1
| /* end confdefs.h.  */
| 
| /* Override any GCC internal prototype to avoid an error.
|    Use char because int might match the return type of a GCC
|    builtin and then its argument prototype would still apply.  */
| #ifdef __cplusplus
| extern "C"
| #endif
| char lua_load ();
| int
| main ()
| {
| return lua_load ();
|   ;
|   return 0;
| }
configure:6051: gcc -o conftest -I/usr/local/include -I/usr/local/Cellar/readline/6.3.8/include -I/usr/local/opt/openssl/include -I/usr/local/include -I/include -L/usr/local/lib -L/usr/local/Cellar/readline/6.3.8/lib -L/usr/local/lib -L/lib conftest.c -llua5.2  -lconfig -lz -levent   >&5
ld: warning: directory not found for option '-L/lib'
ld: library not found for -llua5.2
clang: error: linker command failed with exit code 1 (use -v to see invocation)
configure:6051: $? = 1
configure: failed program was:
| /* confdefs.h */
| #define PACKAGE_NAME "telegram-cli"
| #define PACKAGE_TARNAME "telegram-cli"
| #define PACKAGE_VERSION "1.0"
| #define PACKAGE_STRING "telegram-cli 1.0"
| #define PACKAGE_BUGREPORT ""
| #define PACKAGE_URL ""
| #define HAVE_LIBEVENT 1
| #define STDC_HEADERS 1
| #define HAVE_SYS_TYPES_H 1
| #define HAVE_SYS_STAT_H 1
| #define HAVE_STDLIB_H 1
| #define HAVE_STRING_H 1
| #define HAVE_MEMORY_H 1
| #define HAVE_STRINGS_H 1
| #define HAVE_INTTYPES_H 1
| #define HAVE_STDINT_H 1
| #define HAVE_UNISTD_H 1
| #define EVENT_V2 1
| #define HAVE_LIBZ 1
| #define HAVE_LIBCONFIG 1
| #define HAVE_LUA_H 1
| #define HAVE_LUALIB_H 1
| #define HAVE_LAUXLIB_H 1
| #define HAVE_LUACONF_H 1
| /* end confdefs.h.  */
| 
| /* Override any GCC internal prototype to avoid an error.
|    Use char because int might match the return type of a GCC
|    builtin and then its argument prototype would still apply.  */
| #ifdef __cplusplus
| extern "C"
| #endif
| char lua_load ();
| int
| main ()
| {
| return lua_load ();
|   ;
|   return 0;
| }
configure:6051: gcc -o conftest -I/usr/local/include -I/usr/local/Cellar/readline/6.3.8/include -I/usr/local/opt/openssl/include -I/usr/local/include -I/include -L/usr/local/lib -L/usr/local/Cellar/readline/6.3.8/lib -L/usr/local/lib -L/lib conftest.c -llua52  -lconfig -lz -levent   >&5
ld: warning: directory not found for option '-L/lib'
ld: library not found for -llua52
clang: error: linker command failed with exit code 1 (use -v to see invocation)
configure:6051: $? = 1
configure: failed program was:
| /* confdefs.h */
| #define PACKAGE_NAME "telegram-cli"
| #define PACKAGE_TARNAME "telegram-cli"
| #define PACKAGE_VERSION "1.0"
| #define PACKAGE_STRING "telegram-cli 1.0"
| #define PACKAGE_BUGREPORT ""
| #define PACKAGE_URL ""
| #define HAVE_LIBEVENT 1
| #define STDC_HEADERS 1
| #define HAVE_SYS_TYPES_H 1
| #define HAVE_SYS_STAT_H 1
| #define HAVE_STDLIB_H 1
| #define HAVE_STRING_H 1
| #define HAVE_MEMORY_H 1
| #define HAVE_STRINGS_H 1
| #define HAVE_INTTYPES_H 1
| #define HAVE_STDINT_H 1
| #define HAVE_UNISTD_H 1
| #define EVENT_V2 1
| #define HAVE_LIBZ 1
| #define HAVE_LIBCONFIG 1
| #define HAVE_LUA_H 1
| #define HAVE_LUALIB_H 1
| #define HAVE_LAUXLIB_H 1
| #define HAVE_LUACONF_H 1
| /* end confdefs.h.  */
| 
| /* Override any GCC internal prototype to avoid an error.
|    Use char because int might match the return type of a GCC
|    builtin and then its argument prototype would still apply.  */
| #ifdef __cplusplus
| extern "C"
| #endif
| char lua_load ();
| int
| main ()
| {
| return lua_load ();
|   ;
|   return 0;
| }
configure:6051: gcc -o conftest -I/usr/local/include -I/usr/local/Cellar/readline/6.3.8/include -I/usr/local/opt/openssl/include -I/usr/local/include -I/include -L/usr/local/lib -L/usr/local/Cellar/readline/6.3.8/lib -L/usr/local/lib -L/lib conftest.c -llua-5.2  -lconfig -lz -levent   >&5
ld: warning: directory not found for option '-L/lib'
ld: library not found for -llua-5.2
clang: error: linker command failed with exit code 1 (use -v to see invocation)
configure:6051: $? = 1
configure: failed program was:
| /* confdefs.h */
| #define PACKAGE_NAME "telegram-cli"
| #define PACKAGE_TARNAME "telegram-cli"
| #define PACKAGE_VERSION "1.0"
| #define PACKAGE_STRING "telegram-cli 1.0"
| #define PACKAGE_BUGREPORT ""
| #define PACKAGE_URL ""
| #define HAVE_LIBEVENT 1
| #define STDC_HEADERS 1
| #define HAVE_SYS_TYPES_H 1
| #define HAVE_SYS_STAT_H 1
| #define HAVE_STDLIB_H 1
| #define HAVE_STRING_H 1
| #define HAVE_MEMORY_H 1
| #define HAVE_STRINGS_H 1
| #define HAVE_INTTYPES_H 1
| #define HAVE_STDINT_H 1
| #define HAVE_UNISTD_H 1
| #define EVENT_V2 1
| #define HAVE_LIBZ 1
| #define HAVE_LIBCONFIG 1
| #define HAVE_LUA_H 1
| #define HAVE_LUALIB_H 1
| #define HAVE_LAUXLIB_H 1
| #define HAVE_LUACONF_H 1
| /* end confdefs.h.  */
| 
| /* Override any GCC internal prototype to avoid an error.
|    Use char because int might match the return type of a GCC
|    builtin and then its argument prototype would still apply.  */
| #ifdef __cplusplus
| extern "C"
| #endif
| char lua_load ();
| int
| main ()
| {
| return lua_load ();
|   ;
|   return 0;
| }
configure:6051: gcc -o conftest -I/usr/local/include -I/usr/local/Cellar/readline/6.3.8/include -I/usr/local/opt/openssl/include -I/usr/local/include -I/include -L/usr/local/lib -L/usr/local/Cellar/readline/6.3.8/lib -L/usr/local/lib -L/lib conftest.c -llua-52  -lconfig -lz -levent   >&5
ld: warning: directory not found for option '-L/lib'
ld: library not found for -llua-52
clang: error: linker command failed with exit code 1 (use -v to see invocation)
configure:6051: $? = 1
configure: failed program was:
| /* confdefs.h */
| #define PACKAGE_NAME "telegram-cli"
| #define PACKAGE_TARNAME "telegram-cli"
| #define PACKAGE_VERSION "1.0"
| #define PACKAGE_STRING "telegram-cli 1.0"
| #define PACKAGE_BUGREPORT ""
| #define PACKAGE_URL ""
| #define HAVE_LIBEVENT 1
| #define STDC_HEADERS 1
| #define HAVE_SYS_TYPES_H 1
| #define HAVE_SYS_STAT_H 1
| #define HAVE_STDLIB_H 1
| #define HAVE_STRING_H 1
| #define HAVE_MEMORY_H 1
| #define HAVE_STRINGS_H 1
| #define HAVE_INTTYPES_H 1
| #define HAVE_STDINT_H 1
| #define HAVE_UNISTD_H 1
| #define EVENT_V2 1
| #define HAVE_LIBZ 1
| #define HAVE_LIBCONFIG 1
| #define HAVE_LUA_H 1
| #define HAVE_LUALIB_H 1
| #define HAVE_LAUXLIB_H 1
| #define HAVE_LUACONF_H 1
| /* end confdefs.h.  */
| 
| /* Override any GCC internal prototype to avoid an error.
|    Use char because int might match the return type of a GCC
|    builtin and then its argument prototype would still apply.  */
| #ifdef __cplusplus
| extern "C"
| #endif
| char lua_load ();
| int
| main ()
| {
| return lua_load ();
|   ;
|   return 0;
| }
configure:6051: gcc -o conftest -I/usr/local/include -I/usr/local/Cellar/readline/6.3.8/include -I/usr/local/opt/openssl/include -I/usr/local/include -I/include -L/usr/local/lib -L/usr/local/Cellar/readline/6.3.8/lib -L/usr/local/lib -L/lib conftest.c -llua  -lconfig -lz -levent   >&5
ld: warning: directory not found for option '-L/lib'
configure:6051: $? = 0
configure:6068: result: -llua
configure:6106: checking for python
configure:6348: result: disabled
configure:6356: checking for libjansson
configure:6421: result: enabled
configure:6423: checking for json_array_set_new in -ljansson
configure:6448: gcc -o conftest -I/usr/local/include -I/usr/local/Cellar/readline/6.3.8/include -I/usr/local/opt/openssl/include -I/usr/local/include -I/include  -L/usr/local/lib -L/usr/local/Cellar/readline/6.3.8/lib -L/usr/local/lib -L/lib conftest.c -ljansson  -lconfig -lz -levent  >&5
ld: warning: directory not found for option '-L/lib'
configure:6448: $? = 0
configure:6457: result: yes
configure:6478: checking progname
configure:6502: result: default
configure:6530: checking execinfo.h usability
configure:6530: gcc -c -I/usr/local/include -I/usr/local/Cellar/readline/6.3.8/include -I/usr/local/opt/openssl/include -I/usr/local/include -I/include  conftest.c >&5
configure:6530: $? = 0
configure:6530: result: yes
configure:6530: checking execinfo.h presence
configure:6530: gcc -E -I/usr/local/opt/openssl/include -I/usr/local/include -I/include  conftest.c
configure:6530: $? = 0
configure:6530: result: yes
configure:6530: checking for execinfo.h
configure:6530: result: yes
configure:6530: checking fcntl.h usability
configure:6530: gcc -c -I/usr/local/include -I/usr/local/Cellar/readline/6.3.8/include -I/usr/local/opt/openssl/include -I/usr/local/include -I/include  conftest.c >&5
configure:6530: $? = 0
configure:6530: result: yes
configure:6530: checking fcntl.h presence
configure:6530: gcc -E -I/usr/local/opt/openssl/include -I/usr/local/include -I/include  conftest.c
configure:6530: $? = 0
configure:6530: result: yes
configure:6530: checking for fcntl.h
configure:6530: result: yes
configure:6530: checking malloc.h usability
configure:6530: gcc -c -I/usr/local/include -I/usr/local/Cellar/readline/6.3.8/include -I/usr/local/opt/openssl/include -I/usr/local/include -I/include  conftest.c >&5
conftest.c:65:10: fatal error: 'malloc.h' file not found
#include <malloc.h>
         ^
1 error generated.
configure:6530: $? = 1
configure: failed program was:
| /* confdefs.h */
| #define PACKAGE_NAME "telegram-cli"
| #define PACKAGE_TARNAME "telegram-cli"
| #define PACKAGE_VERSION "1.0"
| #define PACKAGE_STRING "telegram-cli 1.0"
| #define PACKAGE_BUGREPORT ""
| #define PACKAGE_URL ""
| #define HAVE_LIBEVENT 1
| #define STDC_HEADERS 1
| #define HAVE_SYS_TYPES_H 1
| #define HAVE_SYS_STAT_H 1
| #define HAVE_STDLIB_H 1
| #define HAVE_STRING_H 1
| #define HAVE_MEMORY_H 1
| #define HAVE_STRINGS_H 1
| #define HAVE_INTTYPES_H 1
| #define HAVE_STDINT_H 1
| #define HAVE_UNISTD_H 1
| #define EVENT_V2 1
| #define HAVE_LIBZ 1
| #define HAVE_LIBCONFIG 1
| #define HAVE_LUA_H 1
| #define HAVE_LUALIB_H 1
| #define HAVE_LAUXLIB_H 1
| #define HAVE_LUACONF_H 1
| #define USE_LUA 1
| #define HAVE_LIBJANSSON 1
| #define USE_JSON 1
| #define HAVE_EXECINFO_H 1
| #define HAVE_FCNTL_H 1
| /* end confdefs.h.  */
| #include <stdio.h>
| #ifdef HAVE_SYS_TYPES_H
| # include <sys/types.h>
| #endif
| #ifdef HAVE_SYS_STAT_H
| # include <sys/stat.h>
| #endif
| #ifdef STDC_HEADERS
| # include <stdlib.h>
| # include <stddef.h>
| #else
| # ifdef HAVE_STDLIB_H
| #  include <stdlib.h>
| # endif
| #endif
| #ifdef HAVE_STRING_H
| # if !defined STDC_HEADERS && defined HAVE_MEMORY_H
| #  include <memory.h>
| # endif
| # include <string.h>
| #endif
| #ifdef HAVE_STRINGS_H
| # include <strings.h>
| #endif
| #ifdef HAVE_INTTYPES_H
| # include <inttypes.h>
| #endif
| #ifdef HAVE_STDINT_H
| # include <stdint.h>
| #endif
| #ifdef HAVE_UNISTD_H
| # include <unistd.h>
| #endif
| #include <malloc.h>
configure:6530: result: no
configure:6530: checking malloc.h presence
configure:6530: gcc -E -I/usr/local/opt/openssl/include -I/usr/local/include -I/include  conftest.c
conftest.c:32:10: fatal error: 'malloc.h' file not found
#include <malloc.h>
         ^
1 error generated.
configure:6530: $? = 1
configure: failed program was:
| /* confdefs.h */
| #define PACKAGE_NAME "telegram-cli"
| #define PACKAGE_TARNAME "telegram-cli"
| #define PACKAGE_VERSION "1.0"
| #define PACKAGE_STRING "telegram-cli 1.0"
| #define PACKAGE_BUGREPORT ""
| #define PACKAGE_URL ""
| #define HAVE_LIBEVENT 1
| #define STDC_HEADERS 1
| #define HAVE_SYS_TYPES_H 1
| #define HAVE_SYS_STAT_H 1
| #define HAVE_STDLIB_H 1
| #define HAVE_STRING_H 1
| #define HAVE_MEMORY_H 1
| #define HAVE_STRINGS_H 1
| #define HAVE_INTTYPES_H 1
| #define HAVE_STDINT_H 1
| #define HAVE_UNISTD_H 1
| #define EVENT_V2 1
| #define HAVE_LIBZ 1
| #define HAVE_LIBCONFIG 1
| #define HAVE_LUA_H 1
| #define HAVE_LUALIB_H 1
| #define HAVE_LAUXLIB_H 1
| #define HAVE_LUACONF_H 1
| #define USE_LUA 1
| #define HAVE_LIBJANSSON 1
| #define USE_JSON 1
| #define HAVE_EXECINFO_H 1
| #define HAVE_FCNTL_H 1
| /* end confdefs.h.  */
| #include <malloc.h>
configure:6530: result: no
configure:6530: checking for malloc.h
configure:6530: result: no
configure:6530: checking netdb.h usability
configure:6530: gcc -c -I/usr/local/include -I/usr/local/Cellar/readline/6.3.8/include -I/usr/local/opt/openssl/include -I/usr/local/include -I/include  conftest.c >&5
configure:6530: $? = 0
configure:6530: result: yes
configure:6530: checking netdb.h presence
configure:6530: gcc -E -I/usr/local/opt/openssl/include -I/usr/local/include -I/include  conftest.c
configure:6530: $? = 0
configure:6530: result: yes
configure:6530: checking for netdb.h
configure:6530: result: yes
configure:6530: checking for stdlib.h
configure:6530: result: yes
configure:6530: checking for string.h
configure:6530: result: yes
configure:6530: checking for unistd.h
configure:6530: result: yes
configure:6530: checking arpa/inet.h usability
configure:6530: gcc -c -I/usr/local/include -I/usr/local/Cellar/readline/6.3.8/include -I/usr/local/opt/openssl/include -I/usr/local/include -I/include  conftest.c >&5
configure:6530: $? = 0
configure:6530: result: yes
configure:6530: checking arpa/inet.h presence
configure:6530: gcc -E -I/usr/local/opt/openssl/include -I/usr/local/include -I/include  conftest.c
configure:6530: $? = 0
configure:6530: result: yes
configure:6530: checking for arpa/inet.h
configure:6530: result: yes
configure:6530: checking mach/mach.h usability
configure:6530: gcc -c -I/usr/local/include -I/usr/local/Cellar/readline/6.3.8/include -I/usr/local/opt/openssl/include -I/usr/local/include -I/include  conftest.c >&5
configure:6530: $? = 0
configure:6530: result: yes
configure:6530: checking mach/mach.h presence
configure:6530: gcc -E -I/usr/local/opt/openssl/include -I/usr/local/include -I/include  conftest.c
configure:6530: $? = 0
configure:6530: result: yes
configure:6530: checking for mach/mach.h
configure:6530: result: yes
configure:6530: checking netinet/in.h usability
configure:6530: gcc -c -I/usr/local/include -I/usr/local/Cellar/readline/6.3.8/include -I/usr/local/opt/openssl/include -I/usr/local/include -I/include  conftest.c >&5
configure:6530: $? = 0
configure:6530: result: yes
configure:6530: checking netinet/in.h presence
configure:6530: gcc -E -I/usr/local/opt/openssl/include -I/usr/local/include -I/include  conftest.c
configure:6530: $? = 0
configure:6530: result: yes
configure:6530: checking for netinet/in.h
configure:6530: result: yes
configure:6530: checking sys/file.h usability
configure:6530: gcc -c -I/usr/local/include -I/usr/local/Cellar/readline/6.3.8/include -I/usr/local/opt/openssl/include -I/usr/local/include -I/include  conftest.c >&5
configure:6530: $? = 0
configure:6530: result: yes
configure:6530: checking sys/file.h presence
configure:6530: gcc -E -I/usr/local/opt/openssl/include -I/usr/local/include -I/include  conftest.c
configure:6530: $? = 0
configure:6530: result: yes
configure:6530: checking for sys/file.h
configure:6530: result: yes
configure:6530: checking sys/socket.h usability
configure:6530: gcc -c -I/usr/local/include -I/usr/local/Cellar/readline/6.3.8/include -I/usr/local/opt/openssl/include -I/usr/local/include -I/include  conftest.c >&5
configure:6530: $? = 0
configure:6530: result: yes
configure:6530: checking sys/socket.h presence
configure:6530: gcc -E -I/usr/local/opt/openssl/include -I/usr/local/include -I/include  conftest.c
configure:6530: $? = 0
configure:6530: result: yes
configure:6530: checking for sys/socket.h
configure:6530: result: yes
configure:6530: checking termios.h usability
configure:6530: gcc -c -I/usr/local/include -I/usr/local/Cellar/readline/6.3.8/include -I/usr/local/opt/openssl/include -I/usr/local/include -I/include  conftest.c >&5
configure:6530: $? = 0
configure:6530: result: yes
configure:6530: checking termios.h presence
configure:6530: gcc -E -I/usr/local/opt/openssl/include -I/usr/local/include -I/include  conftest.c
configure:6530: $? = 0
configure:6530: result: yes
configure:6530: checking for termios.h
configure:6530: result: yes
configure:6542: checking for size_t
configure:6542: gcc -c -I/usr/local/include -I/usr/local/Cellar/readline/6.3.8/include -I/usr/local/opt/openssl/include -I/usr/local/include -I/include  conftest.c >&5
configure:6542: $? = 0
configure:6542: gcc -c -I/usr/local/include -I/usr/local/Cellar/readline/6.3.8/include -I/usr/local/opt/openssl/include -I/usr/local/include -I/include  conftest.c >&5
conftest.c:78:21: error: expected expression
if (sizeof ((size_t)))
                    ^
1 error generated.
configure:6542: $? = 1
configure: failed program was:
| /* confdefs.h */
| #define PACKAGE_NAME "telegram-cli"
| #define PACKAGE_TARNAME "telegram-cli"
| #define PACKAGE_VERSION "1.0"
| #define PACKAGE_STRING "telegram-cli 1.0"
| #define PACKAGE_BUGREPORT ""
| #define PACKAGE_URL ""
| #define HAVE_LIBEVENT 1
| #define STDC_HEADERS 1
| #define HAVE_SYS_TYPES_H 1
| #define HAVE_SYS_STAT_H 1
| #define HAVE_STDLIB_H 1
| #define HAVE_STRING_H 1
| #define HAVE_MEMORY_H 1
| #define HAVE_STRINGS_H 1
| #define HAVE_INTTYPES_H 1
| #define HAVE_STDINT_H 1
| #define HAVE_UNISTD_H 1
| #define EVENT_V2 1
| #define HAVE_LIBZ 1
| #define HAVE_LIBCONFIG 1
| #define HAVE_LUA_H 1
| #define HAVE_LUALIB_H 1
| #define HAVE_LAUXLIB_H 1
| #define HAVE_LUACONF_H 1
| #define USE_LUA 1
| #define HAVE_LIBJANSSON 1
| #define USE_JSON 1
| #define HAVE_EXECINFO_H 1
| #define HAVE_FCNTL_H 1
| #define HAVE_NETDB_H 1
| #define HAVE_STDLIB_H 1
| #define HAVE_STRING_H 1
| #define HAVE_UNISTD_H 1
| #define HAVE_ARPA_INET_H 1
| #define HAVE_MACH_MACH_H 1
| #define HAVE_NETINET_IN_H 1
| #define HAVE_SYS_FILE_H 1
| #define HAVE_SYS_SOCKET_H 1
| #define HAVE_TERMIOS_H 1
| /* end confdefs.h.  */
| #include <stdio.h>
| #ifdef HAVE_SYS_TYPES_H
| # include <sys/types.h>
| #endif
| #ifdef HAVE_SYS_STAT_H
| # include <sys/stat.h>
| #endif
| #ifdef STDC_HEADERS
| # include <stdlib.h>
| # include <stddef.h>
| #else
| # ifdef HAVE_STDLIB_H
| #  include <stdlib.h>
| # endif
| #endif
| #ifdef HAVE_STRING_H
| # if !defined STDC_HEADERS && defined HAVE_MEMORY_H
| #  include <memory.h>
| # endif
| # include <string.h>
| #endif
| #ifdef HAVE_STRINGS_H
| # include <strings.h>
| #endif
| #ifdef HAVE_INTTYPES_H
| # include <inttypes.h>
| #endif
| #ifdef HAVE_STDINT_H
| # include <stdint.h>
| #endif
| #ifdef HAVE_UNISTD_H
| # include <unistd.h>
| #endif
| int
| main ()
| {
| if (sizeof ((size_t)))
| 	    return 0;
|   ;
|   return 0;
| }
configure:6542: result: yes
configure:6553: checking for uid_t in sys/types.h
configure:6572: result: yes
configure:6583: checking for inline
configure:6599: gcc -c -I/usr/local/include -I/usr/local/Cellar/readline/6.3.8/include -I/usr/local/opt/openssl/include -I/usr/local/include -I/include  conftest.c >&5
configure:6599: $? = 0
configure:6607: result: inline
configure:6629: checking for stdlib.h
configure:6629: result: yes
configure:6639: checking for GNU libc compatible malloc
configure:6663: gcc -o conftest -I/usr/local/include -I/usr/local/Cellar/readline/6.3.8/include -I/usr/local/opt/openssl/include -I/usr/local/include -I/include  -L/usr/local/lib -L/usr/local/Cellar/readline/6.3.8/lib -L/usr/local/lib -L/lib conftest.c -ljansson -lconfig -lz -levent  >&5
ld: warning: directory not found for option '-L/lib'
configure:6663: $? = 0
configure:6663: ./conftest
configure:6663: $? = 0
configure:6673: result: yes
configure:6696: checking for stdlib.h
configure:6696: result: yes
configure:6706: checking for GNU libc compatible realloc
configure:6730: gcc -o conftest -I/usr/local/include -I/usr/local/Cellar/readline/6.3.8/include -I/usr/local/opt/openssl/include -I/usr/local/include -I/include  -L/usr/local/lib -L/usr/local/Cellar/readline/6.3.8/lib -L/usr/local/lib -L/lib conftest.c -ljansson -lconfig -lz -levent  >&5
ld: warning: directory not found for option '-L/lib'
configure:6730: $? = 0
configure:6730: ./conftest
configure:6730: $? = 0
configure:6740: result: yes
configure:6764: checking for alarm
configure:6764: gcc -o conftest -I/usr/local/include -I/usr/local/Cellar/readline/6.3.8/include -I/usr/local/opt/openssl/include -I/usr/local/include -I/include  -L/usr/local/lib -L/usr/local/Cellar/readline/6.3.8/lib -L/usr/local/lib -L/lib conftest.c -ljansson -lconfig -lz -levent  >&5
ld: warning: directory not found for option '-L/lib'
configure:6764: $? = 0
configure:6764: result: yes
configure:6764: checking for endpwent
configure:6764: gcc -o conftest -I/usr/local/include -I/usr/local/Cellar/readline/6.3.8/include -I/usr/local/opt/openssl/include -I/usr/local/include -I/include  -L/usr/local/lib -L/usr/local/Cellar/readline/6.3.8/lib -L/usr/local/lib -L/lib conftest.c -ljansson -lconfig -lz -levent  >&5
ld: warning: directory not found for option '-L/lib'
configure:6764: $? = 0
configure:6764: result: yes
configure:6764: checking for memset
configure:6764: gcc -o conftest -I/usr/local/include -I/usr/local/Cellar/readline/6.3.8/include -I/usr/local/opt/openssl/include -I/usr/local/include -I/include  -L/usr/local/lib -L/usr/local/Cellar/readline/6.3.8/lib -L/usr/local/lib -L/lib conftest.c -ljansson -lconfig -lz -levent  >&5
conftest.c:71:6: warning: incompatible redeclaration of library function 'memset' [-Wincompatible-library-redeclaration]
char memset ();
     ^
conftest.c:71:6: note: 'memset' is a builtin with type 'void *(void *, int, unsigned long)'
1 warning generated.
ld: warning: directory not found for option '-L/lib'
configure:6764: $? = 0
configure:6764: result: yes
configure:6764: checking for memmove
configure:6764: gcc -o conftest -I/usr/local/include -I/usr/local/Cellar/readline/6.3.8/include -I/usr/local/opt/openssl/include -I/usr/local/include -I/include  -L/usr/local/lib -L/usr/local/Cellar/readline/6.3.8/lib -L/usr/local/lib -L/lib conftest.c -ljansson -lconfig -lz -levent  >&5
conftest.c:72:6: warning: incompatible redeclaration of library function 'memmove' [-Wincompatible-library-redeclaration]
char memmove ();
     ^
conftest.c:72:6: note: 'memmove' is a builtin with type 'void *(void *, const void *, unsigned long)'
1 warning generated.
ld: warning: directory not found for option '-L/lib'
configure:6764: $? = 0
configure:6764: result: yes
configure:6764: checking for mkdir
configure:6764: gcc -o conftest -I/usr/local/include -I/usr/local/Cellar/readline/6.3.8/include -I/usr/local/opt/openssl/include -I/usr/local/include -I/include  -L/usr/local/lib -L/usr/local/Cellar/readline/6.3.8/lib -L/usr/local/lib -L/lib conftest.c -ljansson -lconfig -lz -levent  >&5
ld: warning: directory not found for option '-L/lib'
configure:6764: $? = 0
configure:6764: result: yes
configure:6764: checking for select
configure:6764: gcc -o conftest -I/usr/local/include -I/usr/local/Cellar/readline/6.3.8/include -I/usr/local/opt/openssl/include -I/usr/local/include -I/include  -L/usr/local/lib -L/usr/local/Cellar/readline/6.3.8/lib -L/usr/local/lib -L/lib conftest.c -ljansson -lconfig -lz -levent  >&5
ld: warning: directory not found for option '-L/lib'
configure:6764: $? = 0
configure:6764: result: yes
configure:6764: checking for socket
configure:6764: gcc -o conftest -I/usr/local/include -I/usr/local/Cellar/readline/6.3.8/include -I/usr/local/opt/openssl/include -I/usr/local/include -I/include  -L/usr/local/lib -L/usr/local/Cellar/readline/6.3.8/lib -L/usr/local/lib -L/lib conftest.c -ljansson -lconfig -lz -levent  >&5
ld: warning: directory not found for option '-L/lib'
configure:6764: $? = 0
configure:6764: result: yes
configure:6764: checking for strdup
configure:6764: gcc -o conftest -I/usr/local/include -I/usr/local/Cellar/readline/6.3.8/include -I/usr/local/opt/openssl/include -I/usr/local/include -I/include  -L/usr/local/lib -L/usr/local/Cellar/readline/6.3.8/lib -L/usr/local/lib -L/lib conftest.c -ljansson -lconfig -lz -levent  >&5
conftest.c:76:6: warning: incompatible redeclaration of library function 'strdup' [-Wincompatible-library-redeclaration]
char strdup ();
     ^
conftest.c:76:6: note: 'strdup' is a builtin with type 'char *(const char *)'
1 warning generated.
ld: warning: directory not found for option '-L/lib'
configure:6764: $? = 0
configure:6764: result: yes
configure:6764: checking for strndup
configure:6764: gcc -o conftest -I/usr/local/include -I/usr/local/Cellar/readline/6.3.8/include -I/usr/local/opt/openssl/include -I/usr/local/include -I/include  -L/usr/local/lib -L/usr/local/Cellar/readline/6.3.8/lib -L/usr/local/lib -L/lib conftest.c -ljansson -lconfig -lz -levent  >&5
conftest.c:77:6: warning: incompatible redeclaration of library function 'strndup' [-Wincompatible-library-redeclaration]
char strndup ();
     ^
conftest.c:77:6: note: 'strndup' is a builtin with type 'char *(const char *, unsigned long)'
1 warning generated.
ld: warning: directory not found for option '-L/lib'
configure:6764: $? = 0
configure:6764: result: yes
configure:6764: checking for uname
configure:6764: gcc -o conftest -I/usr/local/include -I/usr/local/Cellar/readline/6.3.8/include -I/usr/local/opt/openssl/include -I/usr/local/include -I/include  -L/usr/local/lib -L/usr/local/Cellar/readline/6.3.8/lib -L/usr/local/lib -L/lib conftest.c -ljansson -lconfig -lz -levent  >&5
ld: warning: directory not found for option '-L/lib'
configure:6764: $? = 0
configure:6764: result: yes
configure:6777: checking for __builtin_bswap32
configure:6796: gcc -o conftest -I/usr/local/include -I/usr/local/Cellar/readline/6.3.8/include -I/usr/local/opt/openssl/include -I/usr/local/include -I/include  -L/usr/local/lib -L/usr/local/Cellar/readline/6.3.8/lib -L/usr/local/lib -L/lib conftest.c -ljansson -lconfig -lz -levent  >&5
conftest.c:61:13: warning: ignoring return value of function declared with const attribute [-Wunused-value]
            __builtin_bswap32(0)
            ^~~~~~~~~~~~~~~~~ ~
1 warning generated.
ld: warning: directory not found for option '-L/lib'
configure:6796: $? = 0
configure:6805: result: yes
configure:6936: creating ./config.status

## ---------------------- ##
## Running config.status. ##
## ---------------------- ##

This file was extended by telegram-cli config.status 1.0, which was
generated by GNU Autoconf 2.69.  Invocation command line was

  CONFIG_FILES    = 
  CONFIG_HEADERS  = 
  CONFIG_LINKS    = 
  CONFIG_COMMANDS = 
  $ ./config.status 

on MacBook-Pro-Alexandr.local

config.status:858: creating Makefile
config.status:858: creating config.h
config.status:1028: config.h is unchanged

## ---------------- ##
## Cache variables. ##
## ---------------- ##

ac_cv_c_compiler_gnu=yes
ac_cv_c_inline=inline
ac_cv_env_CC_set=
ac_cv_env_CC_value=
ac_cv_env_CFLAGS_set=set
ac_cv_env_CFLAGS_value='-I/usr/local/include -I/usr/local/Cellar/readline/6.3.8/include'
ac_cv_env_CPPFLAGS_set=set
ac_cv_env_CPPFLAGS_value=-I/usr/local/opt/openssl/include
ac_cv_env_CPP_set=
ac_cv_env_CPP_value=
ac_cv_env_LDFLAGS_set=set
ac_cv_env_LDFLAGS_value='-L/usr/local/lib -L/usr/local/Cellar/readline/6.3.8/lib'
ac_cv_env_LIBS_set=
ac_cv_env_LIBS_value=
ac_cv_env_LUA_INCLUDE_set=
ac_cv_env_LUA_INCLUDE_value=
ac_cv_env_LUA_LIB_set=
ac_cv_env_LUA_LIB_value=
ac_cv_env_LUA_set=
ac_cv_env_LUA_value=
ac_cv_env_build_alias_set=
ac_cv_env_build_alias_value=
ac_cv_env_host_alias_set=
ac_cv_env_host_alias_value=
ac_cv_env_target_alias_set=
ac_cv_env_target_alias_value=
ac_cv_func_alarm=yes
ac_cv_func_endpwent=yes
ac_cv_func_malloc_0_nonnull=yes
ac_cv_func_memmove=yes
ac_cv_func_memset=yes
ac_cv_func_mkdir=yes
ac_cv_func_realloc_0_nonnull=yes
ac_cv_func_select=yes
ac_cv_func_socket=yes
ac_cv_func_strdup=yes
ac_cv_func_strndup=yes
ac_cv_func_uname=yes
ac_cv_header_arpa_inet_h=yes
ac_cv_header_event2_event_h=yes
ac_cv_header_execinfo_h=yes
ac_cv_header_fcntl_h=yes
ac_cv_header_inttypes_h=yes
ac_cv_header_lauxlib_h=yes
ac_cv_header_lua_h=yes
ac_cv_header_luaconf_h=yes
ac_cv_header_lualib_h=yes
ac_cv_header_mach_mach_h=yes
ac_cv_header_malloc_h=no
ac_cv_header_memory_h=yes
ac_cv_header_netdb_h=yes
ac_cv_header_netinet_in_h=yes
ac_cv_header_stdc=yes
ac_cv_header_stdint_h=yes
ac_cv_header_stdlib_h=yes
ac_cv_header_string_h=yes
ac_cv_header_strings_h=yes
ac_cv_header_sys_file_h=yes
ac_cv_header_sys_socket_h=yes
ac_cv_header_sys_stat_h=yes
ac_cv_header_sys_types_h=yes
ac_cv_header_termios_h=yes
ac_cv_header_unistd_h=yes
ac_cv_header_zlib_h=yes
ac_cv_lib_config_config_init=yes
ac_cv_lib_event_event_base_new=yes
ac_cv_lib_jansson_json_array_set_new=yes
ac_cv_lib_readline_rl_save_prompt=yes
ac_cv_lib_z_inflateEnd=yes
ac_cv_objext=o
ac_cv_path_EGREP='/usr/bin/grep -E'
ac_cv_path_GREP=/usr/bin/grep
ac_cv_path_LUA=/usr/local/bin/lua
ac_cv_prog_CPP='gcc -E'
ac_cv_prog_ac_ct_CC=gcc
ac_cv_prog_cc_c89=
ac_cv_prog_cc_g=yes
ac_cv_search_backtrace='none required'
ac_cv_search_clock_gettime='none required'
ac_cv_search_dlopen='none required'
ac_cv_search_exp='none required'
ac_cv_search_lua_load=-llua
ac_cv_type_size_t=yes
ac_cv_type_uid_t=yes
ax_cv_have___builtin_bswap32=yes
ax_cv_lua_header_version=5.2
ax_cv_lua_luadir='${prefix}/share/lua/5.2'
ax_cv_lua_luaexecdir='${exec_prefix}/lib/lua/5.2'
ax_cv_lua_platform=unknown
ax_cv_lua_version=5.2
zlib_cv_libz=yes
zlib_cv_zlib_h=yes

## ----------------- ##
## Output variables. ##
## ----------------- ##

CC='gcc'
CFLAGS='-I/usr/local/include -I/usr/local/Cellar/readline/6.3.8/include'
CPP='gcc -E'
CPPFLAGS='-I/usr/local/opt/openssl/include -I/usr/local/include -I/include '
DEFS='-DHAVE_CONFIG_H'
ECHO_C='\c'
ECHO_N=''
ECHO_T=''
EGREP='/usr/bin/grep -E'
EXEEXT=''
EXTRA_LIBS=' -lreadline -llua '
GREP='/usr/bin/grep'
LDFLAGS='-L/usr/local/lib -L/usr/local/Cellar/readline/6.3.8/lib -L/usr/local/lib -L/lib'
LIBOBJS=''
LIBS='-ljansson -lconfig -lz -levent '
LTLIBOBJS=''
LUA='/usr/local/bin/lua'
LUA_EXEC_PREFIX='${exec_prefix}'
LUA_INCLUDE=''
LUA_LIB='-llua '
LUA_PLATFORM='unknown'
LUA_PREFIX='${prefix}'
LUA_SHORT_VERSION='52'
LUA_VERSION='5.2'
OBJEXT='o'
OPENSSL_INCLUDES='-I/usr/local/opt/openssl/include'
OPENSSL_LDFLAGS='-L/usr/local/opt/openssl/lib'
OPENSSL_LIBS='-lssl -lcrypto'
PACKAGE_BUGREPORT=''
PACKAGE_NAME='telegram-cli'
PACKAGE_STRING='telegram-cli 1.0'
PACKAGE_TARNAME='telegram-cli'
PACKAGE_URL=''
PACKAGE_VERSION='1.0'
PATH_SEPARATOR=':'
PKG_CONFIG=''
PYTHON_BIN=''
PYTHON_CFLAGS=''
PYTHON_FOUND=''
PYTHON_INCLUDE_DIR=''
PYTHON_LIB=''
PYTHON_LIBS=''
SHELL='/bin/sh'
ac_ct_CC='gcc'
bindir='${exec_prefix}/bin'
build_alias=''
datadir='${datarootdir}'
datarootdir='${prefix}/share'
docdir='${datarootdir}/doc/${PACKAGE_TARNAME}'
dvidir='${docdir}'
exec_prefix='${prefix}'
host_alias=''
htmldir='${docdir}'
includedir='${prefix}/include'
infodir='${datarootdir}/info'
libdir='${exec_prefix}/lib'
libexecdir='${exec_prefix}/libexec'
localedir='${datarootdir}/locale'
localstatedir='${prefix}/var'
luadir='${prefix}/share/lua/5.2'
luaexecdir='${exec_prefix}/lib/lua/5.2'
mandir='${datarootdir}/man'
oldincludedir='/usr/include'
pdfdir='${docdir}'
pkgluadir='${luadir}/'
pkgluaexecdir='${luaexecdir}/'
prefix='/usr/local'
program_transform_name='s,x,x,'
psdir='${docdir}'
sbindir='${exec_prefix}/sbin'
sharedstatedir='${prefix}/com'
sysconfdir='${prefix}/etc'
target_alias=''

## ----------- ##
## confdefs.h. ##
## ----------- ##

/* confdefs.h */
#define PACKAGE_NAME "telegram-cli"
#define PACKAGE_TARNAME "telegram-cli"
#define PACKAGE_VERSION "1.0"
#define PACKAGE_STRING "telegram-cli 1.0"
#define PACKAGE_BUGREPORT ""
#define PACKAGE_URL ""
#define HAVE_LIBEVENT 1
#define STDC_HEADERS 1
#define HAVE_SYS_TYPES_H 1
#define HAVE_SYS_STAT_H 1
#define HAVE_STDLIB_H 1
#define HAVE_STRING_H 1
#define HAVE_MEMORY_H 1
#define HAVE_STRINGS_H 1
#define HAVE_INTTYPES_H 1
#define HAVE_STDINT_H 1
#define HAVE_UNISTD_H 1
#define EVENT_V2 1
#define HAVE_LIBZ 1
#define HAVE_LIBCONFIG 1
#define HAVE_LUA_H 1
#define HAVE_LUALIB_H 1
#define HAVE_LAUXLIB_H 1
#define HAVE_LUACONF_H 1
#define USE_LUA 1
#define HAVE_LIBJANSSON 1
#define USE_JSON 1
#define HAVE_EXECINFO_H 1
#define HAVE_FCNTL_H 1
#define HAVE_NETDB_H 1
#define HAVE_STDLIB_H 1
#define HAVE_STRING_H 1
#define HAVE_UNISTD_H 1
#define HAVE_ARPA_INET_H 1
#define HAVE_MACH_MACH_H 1
#define HAVE_NETINET_IN_H 1
#define HAVE_SYS_FILE_H 1
#define HAVE_SYS_SOCKET_H 1
#define HAVE_TERMIOS_H 1
#define HAVE_STDLIB_H 1
#define HAVE_MALLOC 1
#define HAVE_STDLIB_H 1
#define HAVE_REALLOC 1
#define HAVE_ALARM 1
#define HAVE_ENDPWENT 1
#define HAVE_MEMSET 1
#define HAVE_MEMMOVE 1
#define HAVE_MKDIR 1
#define HAVE_SELECT 1
#define HAVE_SOCKET 1
#define HAVE_STRDUP 1
#define HAVE_STRNDUP 1
#define HAVE_UNAME 1
#define HAVE___BUILTIN_BSWAP32 1

configure: exit 0
